<?xml version="1.0" encoding="UTF-8"?>
<!-- Generated by org.testng.reporters.JUnitXMLReporter -->
<testsuite ignored="0" hostname="Admins-MBP.Home" failures="0" tests="2" name="Default test" time="122.176" errors="0" timestamp="2024-07-16T11:05:55 BST">
  <testcase classname="io.cucumber.testng.AbstractTestNGCucumberTests" name="runScenario" time="62.415"/>
  <testcase classname="io.cucumber.testng.AbstractTestNGCucumberTests" name="runScenario" time="58.487"/>
</testsuite> <!-- Default test -->
