<?xml version="1.0" encoding="UTF-8"?>
<testng-results ignored="0" total="2" passed="2" failed="0" skipped="0">
  <reporter-output>
  </reporter-output>
  <suite started-at="2024-07-16T11:03:53 BST" name="Default suite" finished-at="2024-07-16T11:05:55 BST" duration-ms="122176">
    <groups>
      <group name="cucumber">
        <method signature="AbstractTestNGCucumberTests.runScenario(io.cucumber.testng.PickleWrapper,io.cucumber.testng.FeatureWrapper)[pri:0, instance:testRunner.cucumberTestRunner@2034b64c]" name="runScenario" class="io.cucumber.testng.AbstractTestNGCucumberTests"/>
      </group> <!-- cucumber -->
    </groups>
    <test started-at="2024-07-16T11:03:53 BST" name="Default test" finished-at="2024-07-16T11:05:55 BST" duration-ms="122176">
      <class name="testRunner.cucumberTestRunner">
        <test-method is-config="true" signature="setUpClass(org.testng.ITestContext)[pri:0, instance:testRunner.cucumberTestRunner@2034b64c]" started-at="2024-07-16T11:03:53 BST" name="setUpClass" finished-at="2024-07-16T11:03:54 BST" duration-ms="1085" status="PASS">
          <params>
            <param index="0">
              <value>
                <![CDATA[org.testng.TestRunner@5f7989fa]]>
              </value>
            </param>
          </params>
          <reporter-output>
          </reporter-output>
        </test-method> <!-- setUpClass -->
        <test-method signature="runScenario(io.cucumber.testng.PickleWrapper,io.cucumber.testng.FeatureWrapper)[pri:0, instance:testRunner.cucumberTestRunner@2034b64c]" started-at="2024-07-16T11:03:54 BST" name="runScenario" description="Runs Cucumber Scenarios" data-provider="scenarios" finished-at="2024-07-16T11:04:57 BST" duration-ms="62415" status="PASS">
          <params>
            <param index="0">
              <value>
                <![CDATA["Verify comments are displayed in the edassist-solutions page"]]>
              </value>
            </param>
            <param index="1">
              <value>
                <![CDATA["Bright Horizons Homepage"]]>
              </value>
            </param>
          </params>
          <reporter-output>
          </reporter-output>
        </test-method> <!-- runScenario -->
        <test-method signature="runScenario(io.cucumber.testng.PickleWrapper,io.cucumber.testng.FeatureWrapper)[pri:0, instance:testRunner.cucumberTestRunner@2034b64c]" started-at="2024-07-16T11:04:57 BST" name="runScenario" description="Runs Cucumber Scenarios" data-provider="scenarios" finished-at="2024-07-16T11:05:55 BST" duration-ms="58487" status="PASS">
          <params>
            <param index="0">
              <value>
                <![CDATA["Verify user is able to search by passing the value into the search"]]>
              </value>
            </param>
            <param index="1">
              <value>
                <![CDATA["Bright Horizons Search feature"]]>
              </value>
            </param>
          </params>
          <reporter-output>
          </reporter-output>
        </test-method> <!-- runScenario -->
        <test-method is-config="true" signature="tearDownClass()[pri:0, instance:testRunner.cucumberTestRunner@2034b64c]" started-at="2024-07-16T11:05:55 BST" name="tearDownClass" finished-at="2024-07-16T11:05:55 BST" duration-ms="66" status="PASS">
          <reporter-output>
          </reporter-output>
        </test-method> <!-- tearDownClass -->
      </class> <!-- testRunner.cucumberTestRunner -->
    </test> <!-- Default test -->
  </suite> <!-- Default suite -->
</testng-results>
